app/build/intermediates/manifest_merge_blame_file/debug/manifest-merger-blame-debug-report.txt
1<?xml version="1.0" encoding="utf-8"?>
2<manifest xmlns:android="http://schemas.android.com/apk/res/android"
3    package="com.toan.streammusic"
4    android:versionCode="1"
5    android:versionName="1.0" >
6
7    <uses-sdk
8        android:minSdkVersion="21"
8-->src\main\AndroidManifest.xml
9        android:targetSdkVersion="31" />
9-->src\main\AndroidManifest.xml
10
11    <uses-permission android:name="android.permission.ACCESS_NETWORK_STATE" />
11-->src\main\AndroidManifest.xml:4:5-79
11-->src\main\AndroidManifest.xml:4:22-76
12    <uses-permission android:name="android.permission.INTERNET" />
12-->src\main\AndroidManifest.xml:5:5-67
12-->src\main\AndroidManifest.xml:5:22-64
13    <uses-permission android:name="android.permission.FOREGROUND_SERVICE" />
13-->src\main\AndroidManifest.xml:6:5-77
13-->src\main\AndroidManifest.xml:6:22-74
14
15    <application
15-->src\main\AndroidManifest.xml:8:5-34:19
16        android:name="com.toan.streammusic.utils.Hilt.HiltApplication"
16-->src\main\AndroidManifest.xml:9:9-51
17        android:allowBackup="true"
17-->src\main\AndroidManifest.xml:10:9-35
18        android:appComponentFactory="androidx.core.app.CoreComponentFactory"
18-->[androidx.core:core:1.7.0] AndroidManifest.xml:24:18-86
19        android:debuggable="true"
20        android:icon="@mipmap/ic_launcher"
20-->src\main\AndroidManifest.xml:11:9-43
21        android:label="@string/app_name"
21-->src\main\AndroidManifest.xml:12:9-41
22        android:roundIcon="@mipmap/ic_launcher_round"
22-->src\main\AndroidManifest.xml:13:9-54
23        android:supportsRtl="true"
23-->src\main\AndroidManifest.xml:14:9-35
24        android:testOnly="true"
25        android:theme="@style/Theme.RadioAva" >
25-->src\main\AndroidManifest.xml:15:9-46
26        <activity
26-->src\main\AndroidManifest.xml:16:9-25:20
27            android:name="com.toan.streammusic.SplashScreenActivity"
27-->src\main\AndroidManifest.xml:17:13-49
28            android:exported="true"
28-->src\main\AndroidManifest.xml:18:13-36
29            android:screenOrientation="portrait" >
29-->src\main\AndroidManifest.xml:19:13-49
30            <intent-filter>
30-->src\main\AndroidManifest.xml:20:13-24:29
31                <action android:name="android.intent.action.MAIN" />
31-->src\main\AndroidManifest.xml:21:17-69
31-->src\main\AndroidManifest.xml:21:25-66
32
33                <category android:name="android.intent.category.LAUNCHER" />
33-->src\main\AndroidManifest.xml:23:17-77
33-->src\main\AndroidManifest.xml:23:27-74
34            </intent-filter>
35        </activity>
36        <activity
36-->src\main\AndroidManifest.xml:26:9-30:52
37            android:name="com.toan.streammusic.MainActivity"
37-->src\main\AndroidManifest.xml:27:13-41
38            android:configChanges="keyboardHidden|orientation|screenSize"
38-->src\main\AndroidManifest.xml:28:13-74
39            android:exported="true"
39-->src\main\AndroidManifest.xml:29:13-36
40            android:screenOrientation="portrait" />
40-->src\main\AndroidManifest.xml:30:13-49
41
42        <service android:name="com.toan.streammusic.Service.MusicPlayerService" />
42-->src\main\AndroidManifest.xml:32:9-63
42-->src\main\AndroidManifest.xml:32:18-60
43
44        <receiver android:name="com.toan.streammusic.Broadcast.MusicPlayerBroadcastReceiver" />
44-->src\main\AndroidManifest.xml:33:9-76
44-->src\main\AndroidManifest.xml:33:19-73
45
46        <service
46-->[com.google.firebase:firebase-storage:20.1.0] AndroidManifest.xml:29:9-35:19
47            android:name="com.google.firebase.components.ComponentDiscoveryService"
47-->[com.google.firebase:firebase-storage:20.1.0] AndroidManifest.xml:30:13-84
48            android:directBootAware="true"
48-->[com.google.firebase:firebase-common:20.2.0] AndroidManifest.xml:34:13-43
49            android:exported="false" >
49-->[com.google.firebase:firebase-storage:20.1.0] AndroidManifest.xml:31:13-37
50            <meta-data
50-->[com.google.firebase:firebase-storage:20.1.0] AndroidManifest.xml:32:13-34:85
51                android:name="com.google.firebase.components:com.google.firebase.storage.StorageRegistrar"
51-->[com.google.firebase:firebase-storage:20.1.0] AndroidManifest.xml:33:17-107
52                android:value="com.google.firebase.components.ComponentRegistrar" />
52-->[com.google.firebase:firebase-storage:20.1.0] AndroidManifest.xml:34:17-82
53        </service>
54
55        <provider
55-->[com.google.firebase:firebase-common:20.2.0] AndroidManifest.xml:25:9-30:39
56            android:name="com.google.firebase.provider.FirebaseInitProvider"
56-->[com.google.firebase:firebase-common:20.2.0] AndroidManifest.xml:26:13-77
57            android:authorities="com.toan.streammusic.firebaseinitprovider"
57-->[com.google.firebase:firebase-common:20.2.0] AndroidManifest.xml:27:13-72
58            android:directBootAware="true"
58-->[com.google.firebase:firebase-common:20.2.0] AndroidManifest.xml:28:13-43
59            android:exported="false"
59-->[com.google.firebase:firebase-common:20.2.0] AndroidManifest.xml:29:13-37
60            android:initOrder="100" />
60-->[com.google.firebase:firebase-common:20.2.0] AndroidManifest.xml:30:13-36
61        <provider
61-->[androidx.emoji2:emoji2:1.0.0] AndroidManifest.xml:26:9-34:20
62            android:name="androidx.startup.InitializationProvider"
62-->[androidx.emoji2:emoji2:1.0.0] AndroidManifest.xml:27:13-67
63            android:authorities="com.toan.streammusic.androidx-startup"
63-->[androidx.emoji2:emoji2:1.0.0] AndroidManifest.xml:28:13-68
64            android:exported="false" >
64-->[androidx.emoji2:emoji2:1.0.0] AndroidManifest.xml:29:13-37
65            <meta-data
65-->[androidx.emoji2:emoji2:1.0.0] AndroidManifest.xml:31:13-33:52
66                android:name="androidx.emoji2.text.EmojiCompatInitializer"
66-->[androidx.emoji2:emoji2:1.0.0] AndroidManifest.xml:32:17-75
67                android:value="androidx.startup" />
67-->[androidx.emoji2:emoji2:1.0.0] AndroidManifest.xml:33:17-49
68            <meta-data
68-->[androidx.lifecycle:lifecycle-process:2.4.0] AndroidManifest.xml:31:13-33:52
69                android:name="androidx.lifecycle.ProcessLifecycleInitializer"
69-->[androidx.lifecycle:lifecycle-process:2.4.0] AndroidManifest.xml:32:17-78
70                android:value="androidx.startup" />
70-->[androidx.lifecycle:lifecycle-process:2.4.0] AndroidManifest.xml:33:17-49
71        </provider>
72
73        <activity
73-->[com.google.android.gms:play-services-base:18.0.1] AndroidManifest.xml:20:9-22:45
74            android:name="com.google.android.gms.common.api.GoogleApiActivity"
74-->[com.google.android.gms:play-services-base:18.0.1] AndroidManifest.xml:20:19-85
75            android:exported="false"
75-->[com.google.android.gms:play-services-base:18.0.1] AndroidManifest.xml:22:19-43
76            android:theme="@android:style/Theme.Translucent.NoTitleBar" />
76-->[com.google.android.gms:play-services-base:18.0.1] AndroidManifest.xml:21:19-78
77
78        <meta-data
78-->[com.google.android.gms:play-services-basement:18.1.0] AndroidManifest.xml:21:9-23:69
79            android:name="com.google.android.gms.version"
79-->[com.google.android.gms:play-services-basement:18.1.0] AndroidManifest.xml:22:13-58
80            android:value="@integer/google_play_services_version" />
80-->[com.google.android.gms:play-services-basement:18.1.0] AndroidManifest.xml:23:13-66
81
82        <uses-library
82-->[androidx.window:window:1.0.0] AndroidManifest.xml:25:9-27:40
83            android:name="androidx.window.extensions"
83-->[androidx.window:window:1.0.0] AndroidManifest.xml:26:13-54
84            android:required="false" />
84-->[androidx.window:window:1.0.0] AndroidManifest.xml:27:13-37
85        <uses-library
85-->[androidx.window:window:1.0.0] AndroidManifest.xml:28:9-30:40
86            android:name="androidx.window.sidecar"
86-->[androidx.window:window:1.0.0] AndroidManifest.xml:29:13-51
87            android:required="false" />
87-->[androidx.window:window:1.0.0] AndroidManifest.xml:30:13-37
88    </application>
89
90</manifest>